2022-05-15 12:05:374 INFO  ManageDriver :32 - Launching Chrome Browser
2022-05-15 12:05:263 INFO  ManageDriver :32 - Launching Chrome Browser
2022-05-15 12:05:21 INFO  HomePage :38 - Clicking on login link : [[ChromeDriver: chrome on WINDOWS (62c58c7f4ec8deb618489484802b4869)] -> link text: Log in]
2022-05-15 12:05:85 INFO  LoginPage :45 - Getting text from : [[ChromeDriver: chrome on WINDOWS (62c58c7f4ec8deb618489484802b4869)] -> xpath: //h1[contains(text(),'Welcome, Please Sign In!')]]
2022-05-15 12:05:696 INFO  ManageDriver :32 - Launching Chrome Browser
2022-05-15 12:05:617 INFO  HomePage :38 - Clicking on login link : [[ChromeDriver: chrome on WINDOWS (87c6aa140a680c136164939b4793a5e7)] -> link text: Log in]
2022-05-15 12:05:678 INFO  LoginPage :45 - Getting text from : [[ChromeDriver: chrome on WINDOWS (87c6aa140a680c136164939b4793a5e7)] -> xpath: //h1[contains(text(),'Welcome, Please Sign In!')]]
2022-05-15 12:05:97 INFO  ManageDriver :32 - Launching Chrome Browser
2022-05-15 12:05:504 INFO  HomePage :38 - Clicking on login link : [[ChromeDriver: chrome on WINDOWS (77df74d6fe49482c4e96f70189cc1b2c)] -> link text: Log in]
2022-05-15 12:05:569 INFO  LoginPage :45 - Getting text from : [[ChromeDriver: chrome on WINDOWS (77df74d6fe49482c4e96f70189cc1b2c)] -> xpath: //h1[contains(text(),'Welcome, Please Sign In!')]]
2022-05-15 12:05:524 INFO  ManageDriver :32 - Launching Chrome Browser
2022-05-15 12:05:168 INFO  HomePage :38 - Clicking on login link : [[ChromeDriver: chrome on WINDOWS (36696933a309eaec3cc911487500c6cd)] -> link text: Log in]
2022-05-15 12:05:220 INFO  LoginPage :45 - Getting text from : [[ChromeDriver: chrome on WINDOWS (36696933a309eaec3cc911487500c6cd)] -> xpath: //h1[contains(text(),'Welcome, Please Sign In!')]]
2022-05-15 12:05:789 INFO  ManageDriver :32 - Launching Chrome Browser
2022-05-15 12:05:582 INFO  HomePage :38 - Clicking on login link : [[ChromeDriver: chrome on WINDOWS (1d6fb660f2b7e602e7eb93131fabb137)] -> link text: Log in]
2022-05-15 12:05:637 INFO  LoginPage :45 - Getting text from : [[ChromeDriver: chrome on WINDOWS (1d6fb660f2b7e602e7eb93131fabb137)] -> xpath: //h1[contains(text(),'Welcome, Please Sign In!')]]
2022-05-15 12:05:491 INFO  ManageDriver :32 - Launching Chrome Browser
2022-05-15 12:05:483 INFO  HomePage :38 - Clicking on login link : [[ChromeDriver: chrome on WINDOWS (1336aede4288c81ada31837b743a4727)] -> link text: Log in]
2022-05-15 12:05:217 INFO  ManageDriver :32 - Launching Chrome Browser
2022-05-15 12:05:867 INFO  HomePage :38 - Clicking on login link : [[ChromeDriver: chrome on WINDOWS (3686f0b001e4c56ef50427f1a42c79a7)] -> link text: Log in]
2022-05-15 12:05:924 INFO  LoginPage :45 - Getting text from : [[ChromeDriver: chrome on WINDOWS (3686f0b001e4c56ef50427f1a42c79a7)] -> xpath: //h1[contains(text(),'Welcome, Please Sign In!')]]
2022-05-15 12:05:955 INFO  ManageDriver :32 - Launching Chrome Browser
2022-05-15 12:05:67 INFO  HomePage :38 - Clicking on login link : [[ChromeDriver: chrome on WINDOWS (1198e25624c5e994c3d3d945805494a3)] -> link text: Log in]
2022-05-15 12:05:489 INFO  ManageDriver :32 - Launching Chrome Browser
2022-05-15 12:05:292 INFO  HomePage :38 - Clicking on login link : [[ChromeDriver: chrome on WINDOWS (1c6bf391a00585e7a942e43a17074abd)] -> link text: Log in]
2022-05-15 12:05:676 INFO  ManageDriver :32 - Launching Chrome Browser
2022-05-15 12:05:298 INFO  HomePage :38 - Clicking on login link : [[ChromeDriver: chrome on WINDOWS (c6cd46e80a42c6d524468254024a3310)] -> link text: Log in]
2022-05-15 12:05:870 INFO  LoginPage :45 - Getting text from : [[ChromeDriver: chrome on WINDOWS (c6cd46e80a42c6d524468254024a3310)] -> xpath: //h1[contains(text(),'Welcome, Please Sign In!')]]
2022-05-15 13:05:184 INFO  ManageDriver :32 - Launching Chrome Browser
2022-05-15 13:05:34 INFO  ManageDriver :32 - Launching Chrome Browser
2022-05-15 13:05:15 INFO  ManageDriver :32 - Launching Chrome Browser
2022-05-15 13:05:78 INFO  ManageDriver :32 - Launching Chrome Browser
2022-05-15 13:05:473 INFO  ManageDriver :32 - Launching Chrome Browser
2022-05-15 13:05:403 INFO  ManageDriver :32 - Launching Chrome Browser
2022-05-15 13:05:652 INFO  ManageDriver :32 - Launching Chrome Browser
2022-05-15 13:05:816 INFO  ManageDriver :32 - Launching Chrome Browser
2022-05-15 15:05:748 INFO  ManageDriver :32 - Launching Chrome Browser
2022-05-15 15:05:794 INFO  ManageDriver :32 - Launching Chrome Browser
2022-05-15 15:05:221 INFO  ManageDriver :32 - Launching Chrome Browser
2022-05-15 15:05:624 INFO  ManageDriver :32 - Launching Chrome Browser
2022-05-15 15:05:179 INFO  ManageDriver :32 - Launching Chrome Browser
2022-05-15 16:05:457 INFO  ManageDriver :32 - Launching Chrome Browser
2022-05-15 16:05:279 INFO  ManageDriver :32 - Launching Chrome Browser
2022-05-15 17:05:758 INFO  ManageDriver :32 - Launching Chrome Browser
2022-05-15 17:05:283 INFO  ManageDriver :32 - Launching Chrome Browser
2022-05-15 17:05:891 INFO  ManageDriver :32 - Launching Chrome Browser
2022-05-15 17:05:882 INFO  ManageDriver :32 - Launching Chrome Browser
2022-05-15 17:05:463 INFO  ManageDriver :32 - Launching Chrome Browser
2022-05-15 17:05:521 INFO  ManageDriver :32 - Launching Chrome Browser
2022-05-15 17:05:728 INFO  ManageDriver :32 - Launching Chrome Browser
2022-05-15 17:05:921 INFO  ManageDriver :32 - Launching Chrome Browser
2022-05-15 17:05:464 INFO  ManageDriver :32 - Launching Chrome Browser
2022-05-15 17:05:90 INFO  ManageDriver :32 - Launching Chrome Browser
2022-05-15 17:05:753 INFO  ManageDriver :32 - Launching Chrome Browser
2022-05-15 17:05:742 INFO  ManageDriver :32 - Launching Chrome Browser
2022-05-15 17:05:27 INFO  ManageDriver :32 - Launching Chrome Browser
2022-05-15 17:05:98 INFO  ManageDriver :32 - Launching Chrome Browser
2022-05-15 17:05:281 INFO  ManageDriver :32 - Launching Chrome Browser
2022-05-15 17:05:519 INFO  ManageDriver :32 - Launching Chrome Browser
2022-05-15 17:05:282 INFO  ManageDriver :32 - Launching Chrome Browser
2022-05-15 17:05:156 INFO  ManageDriver :32 - Launching Chrome Browser
2022-05-15 17:05:852 INFO  ManageDriver :32 - Launching Chrome Browser
2022-05-15 18:05:663 INFO  ManageDriver :32 - Launching Chrome Browser
2022-05-15 18:05:18 INFO  ManageDriver :32 - Launching Chrome Browser
2022-05-15 18:05:252 INFO  ManageDriver :32 - Launching Chrome Browser
2022-05-15 18:05:301 INFO  ManageDriver :32 - Launching Chrome Browser
2022-05-15 18:05:660 INFO  ManageDriver :32 - Launching Chrome Browser
2022-05-15 18:05:319 INFO  ManageDriver :32 - Launching Chrome Browser
2022-05-15 18:05:535 INFO  ManageDriver :32 - Launching Chrome Browser
2022-05-15 18:05:370 INFO  ManageDriver :32 - Launching Chrome Browser
2022-05-15 18:05:596 INFO  ManageDriver :32 - Launching Chrome Browser
2022-05-15 18:05:903 INFO  ManageDriver :32 - Launching Chrome Browser
2022-05-15 18:05:194 INFO  ManageDriver :32 - Launching Chrome Browser
2022-05-15 18:05:198 INFO  ManageDriver :32 - Launching Chrome Browser
2022-05-15 18:05:57 INFO  ManageDriver :32 - Launching Chrome Browser
2022-05-15 18:05:187 INFO  ManageDriver :32 - Launching Chrome Browser
2022-05-15 20:05:338 INFO  ManageDriver :32 - Launching Chrome Browser
2022-05-15 20:05:86 INFO  ManageDriver :32 - Launching Chrome Browser
2022-05-15 20:05:266 INFO  ManageDriver :32 - Launching Chrome Browser
2022-05-15 21:05:915 INFO  ManageDriver :32 - Launching Chrome Browser
2022-05-15 21:05:503 INFO  ManageDriver :32 - Launching Chrome Browser
2022-05-15 21:05:973 INFO  ManageDriver :32 - Launching Chrome Browser
2022-05-15 21:05:838 INFO  ManageDriver :32 - Launching Chrome Browser
2022-05-15 21:05:175 INFO  ManageDriver :32 - Launching Chrome Browser
2022-05-15 21:05:149 INFO  ManageDriver :32 - Launching Chrome Browser
2022-05-15 21:05:959 INFO  ManageDriver :32 - Launching Chrome Browser
2022-05-15 21:05:556 INFO  ManageDriver :32 - Launching Chrome Browser
2022-05-15 21:05:895 INFO  ManageDriver :32 - Launching Chrome Browser
2022-05-15 21:05:400 INFO  ManageDriver :32 - Launching Chrome Browser
2022-05-15 21:05:100 INFO  ManageDriver :32 - Launching Chrome Browser
2022-05-15 21:05:727 INFO  ManageDriver :32 - Launching Chrome Browser
2022-05-15 21:05:848 INFO  ManageDriver :32 - Launching Chrome Browser
2022-05-15 21:05:37 INFO  ManageDriver :32 - Launching Chrome Browser
2022-05-15 21:05:155 INFO  ManageDriver :32 - Launching Chrome Browser
2022-05-15 21:05:400 INFO  ManageDriver :32 - Launching Chrome Browser
2022-05-15 21:05:760 INFO  ManageDriver :32 - Launching Chrome Browser
2022-05-15 21:05:646 INFO  ManageDriver :32 - Launching Chrome Browser
2022-05-15 21:05:876 INFO  ManageDriver :32 - Launching Chrome Browser
2022-05-15 21:05:922 INFO  ManageDriver :32 - Launching Chrome Browser
2022-05-15 21:05:919 INFO  ManageDriver :32 - Launching Chrome Browser
2022-05-15 21:05:08 INFO  ManageDriver :32 - Launching Chrome Browser
2022-05-15 21:05:746 INFO  ManageDriver :32 - Launching Chrome Browser
2022-05-15 21:05:760 INFO  ManageDriver :32 - Launching Chrome Browser
2022-05-16 11:05:592 INFO  ManageDriver :32 - Launching Chrome Browser
2022-05-16 11:05:364 INFO  ManageDriver :32 - Launching Chrome Browser
2022-05-16 11:05:953 INFO  ManageDriver :32 - Launching Chrome Browser
2022-05-16 11:05:879 INFO  ManageDriver :32 - Launching Chrome Browser
2022-05-16 11:05:944 INFO  ManageDriver :32 - Launching Chrome Browser
2022-05-16 12:05:434 INFO  ManageDriver :32 - Launching Chrome Browser
2022-05-16 12:05:56 INFO  ManageDriver :32 - Launching Chrome Browser
2022-05-16 12:05:797 INFO  ManageDriver :32 - Launching Chrome Browser
2022-05-16 17:05:406 INFO  ManageDriver :32 - Launching Chrome Browser
2022-05-16 17:05:605 INFO  ManageDriver :32 - Launching Chrome Browser
2022-05-16 17:05:481 INFO  ManageDriver :32 - Launching Chrome Browser
2022-05-16 17:05:527 INFO  ManageDriver :32 - Launching Chrome Browser
2022-05-16 17:05:702 INFO  ManageDriver :32 - Launching Chrome Browser
2022-05-16 17:05:381 INFO  ManageDriver :32 - Launching Chrome Browser
2022-05-16 17:05:02 INFO  ManageDriver :32 - Launching Chrome Browser
2022-05-16 17:05:767 INFO  ManageDriver :32 - Launching Chrome Browser
2022-05-16 17:05:905 INFO  ManageDriver :32 - Launching Chrome Browser
2022-05-16 17:05:542 INFO  ManageDriver :32 - Launching Chrome Browser
2022-05-16 17:05:273 INFO  ManageDriver :32 - Launching Chrome Browser
2022-05-16 17:05:266 INFO  ManageDriver :32 - Launching Chrome Browser
2022-05-16 17:05:994 INFO  ManageDriver :32 - Launching Chrome Browser
2022-05-16 17:05:355 INFO  ManageDriver :32 - Launching Chrome Browser
2022-05-17 10:05:381 INFO  ManageDriver :32 - Launching Chrome Browser
2022-05-17 10:05:158 INFO  HomePage :49 - click on computer link[[ChromeDriver: chrome on WINDOWS (2f188217089de4593dc428a56edbfb08)] -> xpath: //body/div[6]/div[2]/ul[1]/li[1]/a[1]]
2022-05-17 10:05:209 INFO  ComputerPage :50 - verify the computer text[[ChromeDriver: chrome on WINDOWS (2f188217089de4593dc428a56edbfb08)] -> xpath: //h1[contains(text(),'Computers')]]
2022-05-17 10:05:251 INFO  ManageDriver :32 - Launching Chrome Browser
2022-05-17 10:05:389 INFO  HomePage :49 - click on computer link[[ChromeDriver: chrome on WINDOWS (2372be5508a837fe898a956fad06ed5b)] -> xpath: //body/div[6]/div[2]/ul[1]/li[1]/a[1]]
2022-05-17 10:05:845 INFO  ComputerPage :37 - click on desktop teb[[ChromeDriver: chrome on WINDOWS (2372be5508a837fe898a956fad06ed5b)] -> xpath: //body/div[6]/div[3]/div[1]/div[3]/div[1]/div[2]/div[1]/div[1]/div[1]/div[1]/h2[1]/a[1]]
2022-05-17 10:05:869 INFO  DesktopsPage :40 - verify the desktop text[[ChromeDriver: chrome on WINDOWS (2372be5508a837fe898a956fad06ed5b)] -> xpath: //h1[contains(text(),'Desktops')]]
2022-05-17 10:05:908 INFO  ManageDriver :32 - Launching Chrome Browser
2022-05-17 10:05:692 INFO  HomePage :49 - click on computer link[[ChromeDriver: chrome on WINDOWS (16baeacccf93310fbe4c32a632d6775c)] -> xpath: //body/div[6]/div[2]/ul[1]/li[1]/a[1]]
2022-05-17 10:05:167 INFO  ComputerPage :37 - click on desktop teb[[ChromeDriver: chrome on WINDOWS (16baeacccf93310fbe4c32a632d6775c)] -> xpath: //body/div[6]/div[3]/div[1]/div[3]/div[1]/div[2]/div[1]/div[1]/div[1]/div[1]/h2[1]/a[1]]
2022-05-17 10:05:332 INFO  BuildYourOwnComputerPage :47 - build yout own computer[[ChromeDriver: chrome on WINDOWS (16baeacccf93310fbe4c32a632d6775c)] -> xpath: //body/div[6]/div[3]/div[1]/div[3]/div[1]/div[2]/div[2]/div[2]/div[1]/div[1]/div[1]/div[1]/div[2]/h2[1]/a[1]]
2022-05-17 10:05:532 INFO  BuildYourOwnComputerPage :52 - procecces drop down menu[[ChromeDriver: chrome on WINDOWS (16baeacccf93310fbe4c32a632d6775c)] -> xpath: //select[@id='product_attribute_1']]
2022-05-17 10:05:684 INFO  BuildYourOwnComputerPage :57 - ramradio button[[ChromeDriver: chrome on WINDOWS (16baeacccf93310fbe4c32a632d6775c)] -> xpath: //select[@id='product_attribute_2']]
2022-05-17 10:05:932 INFO  ManageDriver :32 - Launching Chrome Browser
2022-05-17 10:05:16 INFO  HomePage :49 - click on computer link[[ChromeDriver: chrome on WINDOWS (99c153c661c83de2bc991cf38a9611e2)] -> xpath: //body/div[6]/div[2]/ul[1]/li[1]/a[1]]
2022-05-17 10:05:692 INFO  ComputerPage :37 - click on desktop teb[[ChromeDriver: chrome on WINDOWS (99c153c661c83de2bc991cf38a9611e2)] -> xpath: //body/div[6]/div[3]/div[1]/div[3]/div[1]/div[2]/div[1]/div[1]/div[1]/div[1]/h2[1]/a[1]]
2022-05-17 10:05:750 INFO  BuildYourOwnComputerPage :47 - build yout own computer[[ChromeDriver: chrome on WINDOWS (99c153c661c83de2bc991cf38a9611e2)] -> xpath: //body/div[6]/div[3]/div[1]/div[3]/div[1]/div[2]/div[2]/div[2]/div[1]/div[1]/div[1]/div[1]/div[2]/h2[1]/a[1]]
2022-05-17 10:05:954 INFO  BuildYourOwnComputerPage :52 - procecces drop down menu[[ChromeDriver: chrome on WINDOWS (99c153c661c83de2bc991cf38a9611e2)] -> xpath: //select[@id='product_attribute_1']]
2022-05-17 10:05:87 INFO  BuildYourOwnComputerPage :57 - ramradio button[[ChromeDriver: chrome on WINDOWS (99c153c661c83de2bc991cf38a9611e2)] -> xpath: //select[@id='product_attribute_2']]
2022-05-17 10:05:272 INFO  ManageDriver :32 - Launching Chrome Browser
2022-05-17 10:05:211 INFO  HomePage :49 - click on computer link[[ChromeDriver: chrome on WINDOWS (0017898d584abdf1dd01c94bbcb60bbb)] -> xpath: //body/div[6]/div[2]/ul[1]/li[1]/a[1]]
2022-05-17 10:05:896 INFO  ComputerPage :37 - click on desktop teb[[ChromeDriver: chrome on WINDOWS (0017898d584abdf1dd01c94bbcb60bbb)] -> xpath: //body/div[6]/div[3]/div[1]/div[3]/div[1]/div[2]/div[1]/div[1]/div[1]/div[1]/h2[1]/a[1]]
2022-05-17 10:05:213 INFO  BuildYourOwnComputerPage :47 - build yout own computer[[ChromeDriver: chrome on WINDOWS (0017898d584abdf1dd01c94bbcb60bbb)] -> xpath: //body/div[6]/div[3]/div[1]/div[3]/div[1]/div[2]/div[2]/div[2]/div[1]/div[1]/div[1]/div[1]/div[2]/h2[1]/a[1]]
2022-05-17 10:05:408 INFO  BuildYourOwnComputerPage :52 - procecces drop down menu[[ChromeDriver: chrome on WINDOWS (0017898d584abdf1dd01c94bbcb60bbb)] -> xpath: //select[@id='product_attribute_1']]
2022-05-17 10:05:544 INFO  BuildYourOwnComputerPage :57 - ramradio button[[ChromeDriver: chrome on WINDOWS (0017898d584abdf1dd01c94bbcb60bbb)] -> xpath: //select[@id='product_attribute_2']]
2022-05-17 10:05:706 INFO  ManageDriver :32 - Launching Chrome Browser
2022-05-17 10:05:416 INFO  LoginPage :44 - click on login link[[ChromeDriver: chrome on WINDOWS (d78629b25538589db2b26437c681eb77)] -> xpath: //a[contains(text(),'Log in')]]
2022-05-17 10:05:456 INFO  LoginPage :64 - verify the welcometext on login page[[ChromeDriver: chrome on WINDOWS (d78629b25538589db2b26437c681eb77)] -> xpath: //h1[contains(text(),'Welcome, Please Sign In!')]]
2022-05-17 10:05:513 INFO  ManageDriver :32 - Launching Chrome Browser
2022-05-17 10:05:623 INFO  LoginPage :44 - click on login link[[ChromeDriver: chrome on WINDOWS (e33debfe28ed397e782105e624be043b)] -> xpath: //a[contains(text(),'Log in')]]
2022-05-17 10:05:913 INFO  LoginPage :49 - enter email id[[ChromeDriver: chrome on WINDOWS (e33debfe28ed397e782105e624be043b)] -> xpath: //input[@id='Email']]
2022-05-17 10:05:95 INFO  LoginPage :54 - enter passowrd[[ChromeDriver: chrome on WINDOWS (e33debfe28ed397e782105e624be043b)] -> id: Password]
2022-05-17 10:05:802 INFO  LoginPage :59 - click on login button[[ChromeDriver: chrome on WINDOWS (e33debfe28ed397e782105e624be043b)] -> xpath: //button[contains(text(),'Log in')]]
2022-05-17 10:05:854 INFO  ManageDriver :32 - Launching Chrome Browser
2022-05-17 10:05:195 INFO  LoginPage :44 - click on login link[[ChromeDriver: chrome on WINDOWS (e5f0c58eebad12cdb5a41982b070a8f0)] -> xpath: //a[contains(text(),'Log in')]]
2022-05-17 10:05:386 INFO  LoginPage :49 - enter email id[[ChromeDriver: chrome on WINDOWS (e5f0c58eebad12cdb5a41982b070a8f0)] -> xpath: //input[@id='Email']]
2022-05-17 10:05:535 INFO  LoginPage :54 - enter passowrd[[ChromeDriver: chrome on WINDOWS (e5f0c58eebad12cdb5a41982b070a8f0)] -> id: Password]
2022-05-17 10:05:154 INFO  LoginPage :59 - click on login button[[ChromeDriver: chrome on WINDOWS (e5f0c58eebad12cdb5a41982b070a8f0)] -> xpath: //button[contains(text(),'Log in')]]
2022-05-17 10:05:191 INFO  LoginPage :64 - verify the welcometext on login page[[ChromeDriver: chrome on WINDOWS (e5f0c58eebad12cdb5a41982b070a8f0)] -> xpath: //h1[contains(text(),'Welcome, Please Sign In!')]]
2022-05-17 10:05:259 INFO  ManageDriver :32 - Launching Chrome Browser
2022-05-17 10:05:169 INFO  LoginPage :44 - click on login link[[ChromeDriver: chrome on WINDOWS (f9a04846d491f966c88871055ba59c1f)] -> xpath: //a[contains(text(),'Log in')]]
2022-05-17 10:05:423 INFO  LoginPage :49 - enter email id[[ChromeDriver: chrome on WINDOWS (f9a04846d491f966c88871055ba59c1f)] -> xpath: //input[@id='Email']]
2022-05-17 10:05:597 INFO  LoginPage :54 - enter passowrd[[ChromeDriver: chrome on WINDOWS (f9a04846d491f966c88871055ba59c1f)] -> id: Password]
2022-05-17 10:05:268 INFO  LoginPage :59 - click on login button[[ChromeDriver: chrome on WINDOWS (f9a04846d491f966c88871055ba59c1f)] -> xpath: //button[contains(text(),'Log in')]]
2022-05-17 10:05:314 INFO  LoginPage :64 - verify the welcometext on login page[[ChromeDriver: chrome on WINDOWS (f9a04846d491f966c88871055ba59c1f)] -> xpath: //h1[contains(text(),'Welcome, Please Sign In!')]]
2022-05-17 10:05:438 INFO  ManageDriver :32 - Launching Chrome Browser
2022-05-17 10:05:653 INFO  RegisterPage :80 - click on register link[[ChromeDriver: chrome on WINDOWS (bef55255f5e904ca737e674cd3be2450)] -> xpath: //a[contains(text(),'Register')]]
2022-05-17 10:05:669 INFO  RegisterPage :178 - verify the register text on refister page[[ChromeDriver: chrome on WINDOWS (bef55255f5e904ca737e674cd3be2450)] -> xpath: //h1[contains(text(),'Register')]]
2022-05-17 10:05:701 INFO  ManageDriver :32 - Launching Chrome Browser
2022-05-17 10:05:508 INFO  RegisterPage :80 - click on register link[[ChromeDriver: chrome on WINDOWS (10b40f57f3bf804bd00d8204e324a248)] -> xpath: //a[contains(text(),'Register')]]
2022-05-17 10:05:562 INFO  RegisterPage :147 - click on register button[[ChromeDriver: chrome on WINDOWS (10b40f57f3bf804bd00d8204e324a248)] -> xpath: //h1[contains(text(),'Register')]]
2022-05-17 10:05:583 INFO  RegisterPage :189 - verify the fristname is required text[[ChromeDriver: chrome on WINDOWS (10b40f57f3bf804bd00d8204e324a248)] -> xpath: //body/div[6]/div[3]/div[1]/div[1]/div[1]/div[2]/form[1]/div[1]/div[2]/div[2]/span[2]]
2022-05-17 10:05:624 INFO  ManageDriver :32 - Launching Chrome Browser
2022-05-17 10:05:743 INFO  RegisterPage :80 - click on register link[[ChromeDriver: chrome on WINDOWS (5fe405adb16ed6687257370fc75e7d93)] -> xpath: //a[contains(text(),'Register')]]
2022-05-17 10:05:854 INFO  RegisterPage :85 - click on gender button[[ChromeDriver: chrome on WINDOWS (5fe405adb16ed6687257370fc75e7d93)] -> xpath: //input[@id='gender-male']]
2022-05-17 10:05:967 INFO  RegisterPage :90 - enter firstname[[ChromeDriver: chrome on WINDOWS (5fe405adb16ed6687257370fc75e7d93)] -> xpath: //input[@id='FirstName']]
2022-05-17 10:05:53 INFO  RegisterPage :95 - enter lastname[[ChromeDriver: chrome on WINDOWS (5fe405adb16ed6687257370fc75e7d93)] -> xpath: //input[@id='LastName']]
2022-05-17 10:05:123 INFO  RegisterPage :100 - dropdown date of birth[[ChromeDriver: chrome on WINDOWS (5fe405adb16ed6687257370fc75e7d93)] -> xpath: //body/div[6]/div[3]/div[1]/div[1]/div[1]/div[2]/form[1]/div[1]/div[2]/div[4]/div[1]/select[1]]
2022-05-17 10:05:193 INFO  RegisterPage :105 - dropdown date of month[[ChromeDriver: chrome on WINDOWS (5fe405adb16ed6687257370fc75e7d93)] -> xpath: //body/div[6]/div[3]/div[1]/div[1]/div[1]/div[2]/form[1]/div[1]/div[2]/div[4]/div[1]/select[2]]
2022-05-17 10:05:263 INFO  RegisterPage :110 - drop down date of year[[ChromeDriver: chrome on WINDOWS (5fe405adb16ed6687257370fc75e7d93)] -> xpath: //body/div[6]/div[3]/div[1]/div[1]/div[1]/div[2]/form[1]/div[1]/div[2]/div[4]/div[1]/select[3]]
2022-05-17 10:05:349 INFO  LoginPage :49 - enter email id[[ChromeDriver: chrome on WINDOWS (5fe405adb16ed6687257370fc75e7d93)] -> xpath: //input[@id='Email']]
2022-05-17 10:05:446 INFO  LoginPage :54 - enter passowrd[[ChromeDriver: chrome on WINDOWS (5fe405adb16ed6687257370fc75e7d93)] -> id: Password]
2022-05-17 10:05:527 INFO  RegisterPage :127 - enter conform passowrd[[ChromeDriver: chrome on WINDOWS (5fe405adb16ed6687257370fc75e7d93)] -> xpath: //input[@id='ConfirmPassword']]
2022-05-17 10:05:583 INFO  RegisterPage :147 - click on register button[[ChromeDriver: chrome on WINDOWS (5fe405adb16ed6687257370fc75e7d93)] -> xpath: //h1[contains(text(),'Register')]]
2022-05-17 10:05:662 INFO  RegisterPage :139 - click on verify the registertextProxy element for: DefaultElementLocator 'By.xpath: //div[contains(text(),'Your registration completed')]'
2022-05-17 11:05:306 INFO  ManageDriver :32 - Launching Chrome Browser
2022-05-17 11:05:862 INFO  HomePage :49 - click on computer link[[ChromeDriver: chrome on WINDOWS (78c3df503f78f21e7ce879c14ba0f6c3)] -> xpath: //body/div[6]/div[2]/ul[1]/li[1]/a[1]]
2022-05-17 11:05:386 INFO  ComputerPage :37 - click on desktop teb[[ChromeDriver: chrome on WINDOWS (78c3df503f78f21e7ce879c14ba0f6c3)] -> xpath: //body/div[6]/div[3]/div[1]/div[3]/div[1]/div[2]/div[1]/div[1]/div[1]/div[1]/h2[1]/a[1]]
2022-05-17 11:05:288 INFO  BuildYourOwnComputerPage :47 - build yout own computer[[ChromeDriver: chrome on WINDOWS (78c3df503f78f21e7ce879c14ba0f6c3)] -> xpath: //body/div[6]/div[3]/div[1]/div[3]/div[1]/div[2]/div[2]/div[2]/div[1]/div[1]/div[1]/div[1]/div[2]/h2[1]/a[1]]
2022-05-17 11:05:520 INFO  BuildYourOwnComputerPage :52 - procecces drop down menu[[ChromeDriver: chrome on WINDOWS (78c3df503f78f21e7ce879c14ba0f6c3)] -> xpath: //select[@id='product_attribute_1']]
2022-05-17 11:05:594 INFO  BuildYourOwnComputerPage :57 - ramradio button[[ChromeDriver: chrome on WINDOWS (78c3df503f78f21e7ce879c14ba0f6c3)] -> xpath: //select[@id='product_attribute_2']]
2022-05-17 11:05:699 INFO  BuildYourOwnComputerPage :62 - click on hdd button[[ChromeDriver: chrome on WINDOWS (78c3df503f78f21e7ce879c14ba0f6c3)] -> xpath: //input[@id='product_attribute_3_6']]
2022-05-17 11:05:781 INFO  BuildYourOwnComputerPage :67 - click on os button[[ChromeDriver: chrome on WINDOWS (78c3df503f78f21e7ce879c14ba0f6c3)] -> xpath: //input[@id='product_attribute_4_9']]
2022-05-17 11:05:856 INFO  BuildYourOwnComputerPage :72 - click on software option[[ChromeDriver: chrome on WINDOWS (78c3df503f78f21e7ce879c14ba0f6c3)] -> xpath: //input[@id='product_attribute_5_10']]
2022-05-17 11:05:912 INFO  BuildYourOwnComputerPage :77 - add to cart[[ChromeDriver: chrome on WINDOWS (78c3df503f78f21e7ce879c14ba0f6c3)] -> xpath: //button[@id='add-to-cart-button-1']]
2022-05-17 11:05:935 INFO  ManageDriver :32 - Launching Chrome Browser
2022-05-17 11:05:547 INFO  HomePage :49 - click on computer link[[ChromeDriver: chrome on WINDOWS (049a44cbde39f1eaabe8e8db9bed4734)] -> xpath: //body/div[6]/div[2]/ul[1]/li[1]/a[1]]
2022-05-17 11:05:51 INFO  ComputerPage :37 - click on desktop teb[[ChromeDriver: chrome on WINDOWS (049a44cbde39f1eaabe8e8db9bed4734)] -> xpath: //body/div[6]/div[3]/div[1]/div[3]/div[1]/div[2]/div[1]/div[1]/div[1]/div[1]/h2[1]/a[1]]
2022-05-17 11:05:773 INFO  BuildYourOwnComputerPage :47 - build yout own computer[[ChromeDriver: chrome on WINDOWS (049a44cbde39f1eaabe8e8db9bed4734)] -> xpath: //body/div[6]/div[3]/div[1]/div[3]/div[1]/div[2]/div[2]/div[2]/div[1]/div[1]/div[1]/div[1]/div[2]/h2[1]/a[1]]
2022-05-17 11:05:893 INFO  BuildYourOwnComputerPage :52 - procecces drop down menu[[ChromeDriver: chrome on WINDOWS (049a44cbde39f1eaabe8e8db9bed4734)] -> xpath: //select[@id='product_attribute_1']]
2022-05-17 11:05:973 INFO  BuildYourOwnComputerPage :57 - ramradio button[[ChromeDriver: chrome on WINDOWS (049a44cbde39f1eaabe8e8db9bed4734)] -> xpath: //select[@id='product_attribute_2']]
2022-05-17 11:05:48 INFO  BuildYourOwnComputerPage :62 - click on hdd button[[ChromeDriver: chrome on WINDOWS (049a44cbde39f1eaabe8e8db9bed4734)] -> xpath: //input[@id='product_attribute_3_6']]
2022-05-17 11:05:126 INFO  BuildYourOwnComputerPage :67 - click on os button[[ChromeDriver: chrome on WINDOWS (049a44cbde39f1eaabe8e8db9bed4734)] -> xpath: //input[@id='product_attribute_4_9']]
2022-05-17 11:05:199 INFO  BuildYourOwnComputerPage :72 - click on software option[[ChromeDriver: chrome on WINDOWS (049a44cbde39f1eaabe8e8db9bed4734)] -> xpath: //input[@id='product_attribute_5_10']]
2022-05-17 11:05:258 INFO  BuildYourOwnComputerPage :77 - add to cart[[ChromeDriver: chrome on WINDOWS (049a44cbde39f1eaabe8e8db9bed4734)] -> xpath: //button[@id='add-to-cart-button-1']]
2022-05-17 11:05:316 INFO  ManageDriver :32 - Launching Chrome Browser
2022-05-17 11:05:991 INFO  HomePage :49 - click on computer link[[ChromeDriver: chrome on WINDOWS (70b313ee48971f0403d6170eef590887)] -> xpath: //body/div[6]/div[2]/ul[1]/li[1]/a[1]]
2022-05-17 11:05:511 INFO  ComputerPage :37 - click on desktop teb[[ChromeDriver: chrome on WINDOWS (70b313ee48971f0403d6170eef590887)] -> xpath: //body/div[6]/div[3]/div[1]/div[3]/div[1]/div[2]/div[1]/div[1]/div[1]/div[1]/h2[1]/a[1]]
2022-05-17 11:05:360 INFO  BuildYourOwnComputerPage :47 - build yout own computer[[ChromeDriver: chrome on WINDOWS (70b313ee48971f0403d6170eef590887)] -> xpath: //body/div[6]/div[3]/div[1]/div[3]/div[1]/div[2]/div[2]/div[2]/div[1]/div[1]/div[1]/div[1]/div[2]/h2[1]/a[1]]
2022-05-17 11:05:478 INFO  BuildYourOwnComputerPage :52 - procecces drop down menu[[ChromeDriver: chrome on WINDOWS (70b313ee48971f0403d6170eef590887)] -> xpath: //select[@id='product_attribute_1']]
2022-05-17 11:05:615 INFO  BuildYourOwnComputerPage :57 - ramradio button[[ChromeDriver: chrome on WINDOWS (70b313ee48971f0403d6170eef590887)] -> xpath: //select[@id='product_attribute_2']]
2022-05-17 11:05:756 INFO  BuildYourOwnComputerPage :62 - click on hdd button[[ChromeDriver: chrome on WINDOWS (70b313ee48971f0403d6170eef590887)] -> xpath: //input[@id='product_attribute_3_6']]
2022-05-17 11:05:938 INFO  BuildYourOwnComputerPage :67 - click on os button[[ChromeDriver: chrome on WINDOWS (70b313ee48971f0403d6170eef590887)] -> xpath: //input[@id='product_attribute_4_9']]
2022-05-17 11:05:99 INFO  BuildYourOwnComputerPage :72 - click on software option[[ChromeDriver: chrome on WINDOWS (70b313ee48971f0403d6170eef590887)] -> xpath: //input[@id='product_attribute_5_10']]
2022-05-17 11:05:199 INFO  BuildYourOwnComputerPage :77 - add to cart[[ChromeDriver: chrome on WINDOWS (70b313ee48971f0403d6170eef590887)] -> xpath: //button[@id='add-to-cart-button-1']]
2022-05-17 11:05:609 INFO  ManageDriver :32 - Launching Chrome Browser
2022-05-17 11:05:159 INFO  HomePage :49 - click on computer link[[ChromeDriver: chrome on WINDOWS (595b13b9a278da9145d4eaa34175a94a)] -> xpath: //body/div[6]/div[2]/ul[1]/li[1]/a[1]]
2022-05-17 11:05:785 INFO  ComputerPage :37 - click on desktop teb[[ChromeDriver: chrome on WINDOWS (595b13b9a278da9145d4eaa34175a94a)] -> xpath: //body/div[6]/div[3]/div[1]/div[3]/div[1]/div[2]/div[1]/div[1]/div[1]/div[1]/h2[1]/a[1]]
2022-05-17 11:05:267 INFO  BuildYourOwnComputerPage :47 - build yout own computer[[ChromeDriver: chrome on WINDOWS (595b13b9a278da9145d4eaa34175a94a)] -> xpath: //body/div[6]/div[3]/div[1]/div[3]/div[1]/div[2]/div[2]/div[2]/div[1]/div[1]/div[1]/div[1]/div[2]/h2[1]/a[1]]
2022-05-17 11:05:558 INFO  BuildYourOwnComputerPage :52 - procecces drop down menu[[ChromeDriver: chrome on WINDOWS (595b13b9a278da9145d4eaa34175a94a)] -> xpath: //select[@id='product_attribute_1']]
2022-05-17 11:05:633 INFO  BuildYourOwnComputerPage :57 - ramradio button[[ChromeDriver: chrome on WINDOWS (595b13b9a278da9145d4eaa34175a94a)] -> xpath: //select[@id='product_attribute_2']]
2022-05-17 11:05:702 INFO  BuildYourOwnComputerPage :62 - click on hdd button[[ChromeDriver: chrome on WINDOWS (595b13b9a278da9145d4eaa34175a94a)] -> xpath: //input[@id='product_attribute_3_6']]
2022-05-17 11:05:785 INFO  BuildYourOwnComputerPage :67 - click on os button[[ChromeDriver: chrome on WINDOWS (595b13b9a278da9145d4eaa34175a94a)] -> xpath: //input[@id='product_attribute_4_9']]
2022-05-17 11:05:864 INFO  BuildYourOwnComputerPage :72 - click on software option[[ChromeDriver: chrome on WINDOWS (595b13b9a278da9145d4eaa34175a94a)] -> xpath: //input[@id='product_attribute_5_10']]
2022-05-17 11:05:922 INFO  BuildYourOwnComputerPage :77 - add to cart[[ChromeDriver: chrome on WINDOWS (595b13b9a278da9145d4eaa34175a94a)] -> xpath: //button[@id='add-to-cart-button-1']]
2022-05-17 11:05:967 INFO  ManageDriver :32 - Launching Chrome Browser
2022-05-17 11:05:76 INFO  HomePage :49 - click on computer link[[ChromeDriver: chrome on WINDOWS (bc5577f2ed6a22110b0d6d94fe878e20)] -> xpath: //body/div[6]/div[2]/ul[1]/li[1]/a[1]]
2022-05-17 11:05:553 INFO  ComputerPage :37 - click on desktop teb[[ChromeDriver: chrome on WINDOWS (bc5577f2ed6a22110b0d6d94fe878e20)] -> xpath: //body/div[6]/div[3]/div[1]/div[3]/div[1]/div[2]/div[1]/div[1]/div[1]/div[1]/h2[1]/a[1]]
2022-05-17 11:05:422 INFO  BuildYourOwnComputerPage :47 - build yout own computer[[ChromeDriver: chrome on WINDOWS (bc5577f2ed6a22110b0d6d94fe878e20)] -> xpath: //body/div[6]/div[3]/div[1]/div[3]/div[1]/div[2]/div[2]/div[2]/div[1]/div[1]/div[1]/div[1]/div[2]/h2[1]/a[1]]
2022-05-17 11:05:582 INFO  BuildYourOwnComputerPage :52 - procecces drop down menu[[ChromeDriver: chrome on WINDOWS (bc5577f2ed6a22110b0d6d94fe878e20)] -> xpath: //select[@id='product_attribute_1']]
2022-05-17 11:05:702 INFO  BuildYourOwnComputerPage :57 - ramradio button[[ChromeDriver: chrome on WINDOWS (bc5577f2ed6a22110b0d6d94fe878e20)] -> xpath: //select[@id='product_attribute_2']]
2022-05-17 11:05:806 INFO  BuildYourOwnComputerPage :62 - click on hdd button[[ChromeDriver: chrome on WINDOWS (bc5577f2ed6a22110b0d6d94fe878e20)] -> xpath: //input[@id='product_attribute_3_6']]
2022-05-17 11:05:902 INFO  BuildYourOwnComputerPage :67 - click on os button[[ChromeDriver: chrome on WINDOWS (bc5577f2ed6a22110b0d6d94fe878e20)] -> xpath: //input[@id='product_attribute_4_9']]
2022-05-17 11:05:995 INFO  BuildYourOwnComputerPage :72 - click on software option[[ChromeDriver: chrome on WINDOWS (bc5577f2ed6a22110b0d6d94fe878e20)] -> xpath: //input[@id='product_attribute_5_10']]
2022-05-17 11:05:51 INFO  BuildYourOwnComputerPage :77 - add to cart[[ChromeDriver: chrome on WINDOWS (bc5577f2ed6a22110b0d6d94fe878e20)] -> xpath: //button[@id='add-to-cart-button-1']]
2022-05-17 11:05:75 INFO  ManageDriver :32 - Launching Chrome Browser
2022-05-17 11:05:672 INFO  HomePage :49 - click on computer link[[ChromeDriver: chrome on WINDOWS (1085fc50d9c8d83ebf42562ef9c26622)] -> xpath: //body/div[6]/div[2]/ul[1]/li[1]/a[1]]
2022-05-17 11:05:190 INFO  ComputerPage :37 - click on desktop teb[[ChromeDriver: chrome on WINDOWS (1085fc50d9c8d83ebf42562ef9c26622)] -> xpath: //body/div[6]/div[3]/div[1]/div[3]/div[1]/div[2]/div[1]/div[1]/div[1]/div[1]/h2[1]/a[1]]
2022-05-17 11:05:133 INFO  BuildYourOwnComputerPage :47 - build yout own computer[[ChromeDriver: chrome on WINDOWS (1085fc50d9c8d83ebf42562ef9c26622)] -> xpath: //body/div[6]/div[3]/div[1]/div[3]/div[1]/div[2]/div[2]/div[2]/div[1]/div[1]/div[1]/div[1]/div[2]/h2[1]/a[1]]
2022-05-17 11:05:275 INFO  BuildYourOwnComputerPage :52 - procecces drop down menu[[ChromeDriver: chrome on WINDOWS (1085fc50d9c8d83ebf42562ef9c26622)] -> xpath: //select[@id='product_attribute_1']]
2022-05-17 11:05:390 INFO  BuildYourOwnComputerPage :57 - ramradio button[[ChromeDriver: chrome on WINDOWS (1085fc50d9c8d83ebf42562ef9c26622)] -> xpath: //select[@id='product_attribute_2']]
2022-05-17 11:05:468 INFO  BuildYourOwnComputerPage :62 - click on hdd button[[ChromeDriver: chrome on WINDOWS (1085fc50d9c8d83ebf42562ef9c26622)] -> xpath: //input[@id='product_attribute_3_6']]
2022-05-17 11:05:540 INFO  BuildYourOwnComputerPage :67 - click on os button[[ChromeDriver: chrome on WINDOWS (1085fc50d9c8d83ebf42562ef9c26622)] -> xpath: //input[@id='product_attribute_4_9']]
2022-05-17 11:05:628 INFO  BuildYourOwnComputerPage :72 - click on software option[[ChromeDriver: chrome on WINDOWS (1085fc50d9c8d83ebf42562ef9c26622)] -> xpath: //input[@id='product_attribute_5_10']]
2022-05-17 11:05:684 INFO  BuildYourOwnComputerPage :77 - add to cart[[ChromeDriver: chrome on WINDOWS (1085fc50d9c8d83ebf42562ef9c26622)] -> xpath: //button[@id='add-to-cart-button-1']]
2022-05-17 12:05:291 INFO  ManageDriver :32 - Launching Chrome Browser
2022-05-17 12:05:781 INFO  RegisterPage :80 - click on register link[[ChromeDriver: chrome on WINDOWS (3bfc8c3c1ab219012f1b0cb7f0a271eb)] -> xpath: //a[contains(text(),'Register')]]
2022-05-17 12:05:920 INFO  RegisterPage :85 - click on gender button[[ChromeDriver: chrome on WINDOWS (3bfc8c3c1ab219012f1b0cb7f0a271eb)] -> xpath: //input[@id='gender-male']]
2022-05-17 12:05:109 INFO  RegisterPage :90 - enter firstname[[ChromeDriver: chrome on WINDOWS (3bfc8c3c1ab219012f1b0cb7f0a271eb)] -> xpath: //input[@id='FirstName']]
2022-05-17 12:05:309 INFO  RegisterPage :95 - enter lastname[[ChromeDriver: chrome on WINDOWS (3bfc8c3c1ab219012f1b0cb7f0a271eb)] -> xpath: //input[@id='LastName']]
2022-05-17 12:05:385 INFO  RegisterPage :100 - dropdown date of birth[[ChromeDriver: chrome on WINDOWS (3bfc8c3c1ab219012f1b0cb7f0a271eb)] -> xpath: //body/div[6]/div[3]/div[1]/div[1]/div[1]/div[2]/form[1]/div[1]/div[2]/div[4]/div[1]/select[1]]
2022-05-17 12:05:538 INFO  RegisterPage :105 - dropdown date of month[[ChromeDriver: chrome on WINDOWS (3bfc8c3c1ab219012f1b0cb7f0a271eb)] -> xpath: //body/div[6]/div[3]/div[1]/div[1]/div[1]/div[2]/form[1]/div[1]/div[2]/div[4]/div[1]/select[2]]
2022-05-17 12:05:688 INFO  RegisterPage :110 - drop down date of year[[ChromeDriver: chrome on WINDOWS (3bfc8c3c1ab219012f1b0cb7f0a271eb)] -> xpath: //body/div[6]/div[3]/div[1]/div[1]/div[1]/div[2]/form[1]/div[1]/div[2]/div[4]/div[1]/select[3]]
2022-05-17 12:05:882 INFO  LoginPage :49 - enter email id[[ChromeDriver: chrome on WINDOWS (3bfc8c3c1ab219012f1b0cb7f0a271eb)] -> xpath: //input[@id='Email']]
2022-05-17 12:05:14 INFO  LoginPage :54 - enter passowrd[[ChromeDriver: chrome on WINDOWS (3bfc8c3c1ab219012f1b0cb7f0a271eb)] -> id: Password]
2022-05-17 12:05:154 INFO  RegisterPage :127 - enter conform passowrd[[ChromeDriver: chrome on WINDOWS (3bfc8c3c1ab219012f1b0cb7f0a271eb)] -> xpath: //input[@id='ConfirmPassword']]
2022-05-17 12:05:282 INFO  RegisterPage :147 - click on register button[[ChromeDriver: chrome on WINDOWS (3bfc8c3c1ab219012f1b0cb7f0a271eb)] -> xpath: //h1[contains(text(),'Register')]]
2022-05-17 12:05:111 INFO  RegisterPage :139 - click on verify the registertext[[ChromeDriver: chrome on WINDOWS (3bfc8c3c1ab219012f1b0cb7f0a271eb)] -> xpath: //div[contains(text(),'Your registration completed')]]
2022-05-17 12:05:715 INFO  ManageDriver :32 - Launching Chrome Browser
2022-05-17 12:05:940 INFO  RegisterPage :80 - click on register link[[ChromeDriver: chrome on WINDOWS (90b6e01ffd45378b8175ac796d543a97)] -> xpath: //a[contains(text(),'Register')]]
2022-05-17 12:05:08 INFO  RegisterPage :85 - click on gender button[[ChromeDriver: chrome on WINDOWS (90b6e01ffd45378b8175ac796d543a97)] -> xpath: //input[@id='gender-male']]
2022-05-17 12:05:94 INFO  RegisterPage :90 - enter firstname[[ChromeDriver: chrome on WINDOWS (90b6e01ffd45378b8175ac796d543a97)] -> xpath: //input[@id='FirstName']]
2022-05-17 12:05:197 INFO  RegisterPage :95 - enter lastname[[ChromeDriver: chrome on WINDOWS (90b6e01ffd45378b8175ac796d543a97)] -> xpath: //input[@id='LastName']]
2022-05-17 12:05:265 INFO  RegisterPage :100 - dropdown date of birth[[ChromeDriver: chrome on WINDOWS (90b6e01ffd45378b8175ac796d543a97)] -> xpath: //body/div[6]/div[3]/div[1]/div[1]/div[1]/div[2]/form[1]/div[1]/div[2]/div[4]/div[1]/select[1]]
2022-05-17 12:05:344 INFO  RegisterPage :105 - dropdown date of month[[ChromeDriver: chrome on WINDOWS (90b6e01ffd45378b8175ac796d543a97)] -> xpath: //body/div[6]/div[3]/div[1]/div[1]/div[1]/div[2]/form[1]/div[1]/div[2]/div[4]/div[1]/select[2]]
2022-05-17 12:05:530 INFO  RegisterPage :110 - drop down date of year[[ChromeDriver: chrome on WINDOWS (90b6e01ffd45378b8175ac796d543a97)] -> xpath: //body/div[6]/div[3]/div[1]/div[1]/div[1]/div[2]/form[1]/div[1]/div[2]/div[4]/div[1]/select[3]]
2022-05-17 12:05:821 INFO  LoginPage :49 - enter email id[[ChromeDriver: chrome on WINDOWS (90b6e01ffd45378b8175ac796d543a97)] -> xpath: //input[@id='Email']]
2022-05-17 12:05:993 INFO  LoginPage :54 - enter passowrd[[ChromeDriver: chrome on WINDOWS (90b6e01ffd45378b8175ac796d543a97)] -> id: Password]
2022-05-17 12:05:159 INFO  RegisterPage :127 - enter conform passowrd[[ChromeDriver: chrome on WINDOWS (90b6e01ffd45378b8175ac796d543a97)] -> xpath: //input[@id='ConfirmPassword']]
2022-05-17 12:05:236 INFO  RegisterPage :147 - click on register button[[ChromeDriver: chrome on WINDOWS (90b6e01ffd45378b8175ac796d543a97)] -> xpath: //h1[contains(text(),'Register')]]
2022-05-17 12:05:299 INFO  RegisterPage :139 - click on verify the registertextProxy element for: DefaultElementLocator 'By.xpath: //div[contains(text(),'Your registration completed')]'
2022-05-17 12:05:750 INFO  ManageDriver :32 - Launching Chrome Browser
2022-05-17 12:05:237 INFO  RegisterPage :80 - click on register link[[ChromeDriver: chrome on WINDOWS (99e4dbf55d0e24ef0c98f2119bbf6931)] -> xpath: //a[contains(text(),'Register')]]
2022-05-17 12:05:303 INFO  RegisterPage :85 - click on gender button[[ChromeDriver: chrome on WINDOWS (99e4dbf55d0e24ef0c98f2119bbf6931)] -> xpath: //input[@id='gender-male']]
2022-05-17 12:05:389 INFO  RegisterPage :90 - enter firstname[[ChromeDriver: chrome on WINDOWS (99e4dbf55d0e24ef0c98f2119bbf6931)] -> xpath: //input[@id='FirstName']]
2022-05-17 12:05:472 INFO  RegisterPage :95 - enter lastname[[ChromeDriver: chrome on WINDOWS (99e4dbf55d0e24ef0c98f2119bbf6931)] -> xpath: //input[@id='LastName']]
2022-05-17 12:05:542 INFO  RegisterPage :100 - dropdown date of birth[[ChromeDriver: chrome on WINDOWS (99e4dbf55d0e24ef0c98f2119bbf6931)] -> xpath: //body/div[6]/div[3]/div[1]/div[1]/div[1]/div[2]/form[1]/div[1]/div[2]/div[4]/div[1]/select[1]]
2022-05-17 12:05:604 INFO  RegisterPage :105 - dropdown date of month[[ChromeDriver: chrome on WINDOWS (99e4dbf55d0e24ef0c98f2119bbf6931)] -> xpath: //body/div[6]/div[3]/div[1]/div[1]/div[1]/div[2]/form[1]/div[1]/div[2]/div[4]/div[1]/select[2]]
2022-05-17 12:05:675 INFO  RegisterPage :110 - drop down date of year[[ChromeDriver: chrome on WINDOWS (99e4dbf55d0e24ef0c98f2119bbf6931)] -> xpath: //body/div[6]/div[3]/div[1]/div[1]/div[1]/div[2]/form[1]/div[1]/div[2]/div[4]/div[1]/select[3]]
2022-05-17 12:05:957 INFO  LoginPage :49 - enter email id[[ChromeDriver: chrome on WINDOWS (99e4dbf55d0e24ef0c98f2119bbf6931)] -> xpath: //input[@id='Email']]
2022-05-17 12:05:170 INFO  LoginPage :54 - enter passowrd[[ChromeDriver: chrome on WINDOWS (99e4dbf55d0e24ef0c98f2119bbf6931)] -> id: Password]
2022-05-17 12:05:342 INFO  RegisterPage :127 - enter conform passowrd[[ChromeDriver: chrome on WINDOWS (99e4dbf55d0e24ef0c98f2119bbf6931)] -> xpath: //input[@id='ConfirmPassword']]
2022-05-17 12:05:116 INFO  RegisterPage :148 - click on register button[[ChromeDriver: chrome on WINDOWS (99e4dbf55d0e24ef0c98f2119bbf6931)] -> xpath: //button[@id='register-button']]
2022-05-17 12:05:177 INFO  RegisterPage :140 - click on verify the registertextProxy element for: DefaultElementLocator 'By.xpath: //div[contains(text(),'Your registration completed')]'
2022-05-17 12:05:45 INFO  ManageDriver :32 - Launching Chrome Browser
2022-05-17 12:05:273 INFO  RegisterPage :80 - click on register link[[ChromeDriver: chrome on WINDOWS (8836f9baf84fcabd5e8fc72ed341588a)] -> xpath: //a[contains(text(),'Register')]]
2022-05-17 12:05:297 INFO  RegisterPage :179 - verify the register text on refister page[[ChromeDriver: chrome on WINDOWS (8836f9baf84fcabd5e8fc72ed341588a)] -> xpath: //button[@id='register-button']]
2022-05-17 12:05:680 INFO  ManageDriver :32 - Launching Chrome Browser
2022-05-17 12:05:807 INFO  RegisterPage :83 - click on register link[[ChromeDriver: chrome on WINDOWS (226ae927338688ed43990ecd23b87b0b)] -> xpath: //a[contains(text(),'Register')]]
2022-05-17 12:05:831 INFO  RegisterPage :182 - verify the register text on refister page[[ChromeDriver: chrome on WINDOWS (226ae927338688ed43990ecd23b87b0b)] -> xpath: //h1[contains(text(),'Register')]]
